[2026-07-13 14:47:52] [INFO] Iniciando persistencia para: scan_1782498075468_pag_1.jpg
[2026-07-13 14:47:53] [ERROR] No se encontró ningún registro en la base de datos con fine_transaccionID = 1782498075468
[2026-07-13 14:48:02] [INFO] Iniciando persistencia para: scan_1782498080345_pag_2.jpg
[2026-07-13 14:48:03] [ERROR] No se encontró ningún registro en la base de datos con fine_transaccionID = 1782498080345
[2026-07-13 15:00:31] [INFO] Iniciando persistencia para: scan_1782498075468_pag_1.jpg
[2026-07-13 15:00:31] [INFO] transaccion_id extraído exitosamente de extracted_text: 1766214
[2026-07-13 15:00:32] [ERROR] No se encontró ningún registro en la base de datos con fine_transaccionID = 1766214
[2026-07-13 15:02:37] [INFO] Iniciando persistencia para: scan_1782498075468_pag_1.jpg
[2026-07-13 15:02:37] [INFO] transaccion_id extraído exitosamente de extracted_text: 1766214
[2026-07-13 15:02:38] [INFO] Base de Datos actualizada con éxito. Registro ID=1 columna=ocr_duplicado para transaccion=1766214.
[2026-07-13 15:09:09] [INFO] Iniciando persistencia para: scan_1782498085198_pag_3.jpg
[2026-07-13 15:09:09] [INFO] transaccion_id extraído exitosamente de extracted_text: 1766310
[2026-07-13 15:09:11] [ERROR] No se encontró ningún registro en la base de datos con fine_transaccionID = 1766310
[2026-07-13 15:09:21] [INFO] Iniciando persistencia para: scan_1782498090007_pag_4.jpg
[2026-07-13 15:09:21] [INFO] transaccion_id extraído exitosamente de extracted_text: 1765157
[2026-07-13 15:09:23] [ERROR] No se encontró ningún registro en la base de datos con fine_transaccionID = 1765157
[2026-07-13 16:20:16] [INFO] Iniciando persistencia para: scan_1782498075468_pag_1.jpg
[2026-07-13 16:20:16] [INFO] transaccion_id extraído exitosamente de extracted_text: 1766214
[2026-07-13 16:20:18] [INFO] Base de Datos actualizada con éxito. Registro ID=1 columna=ocr_duplicado para transaccion=1766214.
[2026-07-13 16:20:29] [INFO] Iniciando persistencia para: scan_1782498080345_pag_2.jpg
[2026-07-13 16:20:29] [INFO] transaccion_id extraído exitosamente de extracted_text: 0
[2026-07-13 16:20:29] [WARNING] transaccion_id no encontrado en la respuesta. Usando fallback de nombre de archivo: 1782498080345
[2026-07-13 16:20:30] [ERROR] No se encontró ningún registro en la base de datos con fine_transaccionID = 1782498080345
[2026-07-13 16:20:40] [INFO] Iniciando persistencia para: scan_1782498085198_pag_3.jpg
[2026-07-13 16:20:40] [INFO] transaccion_id extraído exitosamente de extracted_text: 1766310
[2026-07-13 16:20:42] [ERROR] No se encontró ningún registro en la base de datos con fine_transaccionID = 1766310
[2026-07-13 16:20:50] [INFO] Iniciando persistencia para: scan_1782498090007_pag_4.jpg
[2026-07-13 16:20:50] [INFO] transaccion_id extraído exitosamente de extracted_text: 1765157
[2026-07-13 16:20:52] [ERROR] No se encontró ningún registro en la base de datos con fine_transaccionID = 1765157
